\BOOKMARK [1][-]{section.1}{Introduction}{}% 1
\BOOKMARK [2][-]{subsection.1.1}{Intent}{section.1}% 2
\BOOKMARK [1][-]{section.2}{Setup}{}% 3
\BOOKMARK [2][-]{subsection.2.1}{Tools\040and\040Equipment}{section.2}% 4
\BOOKMARK [3][-]{subsubsection.2.1.1}{Essentials}{subsection.2.1}% 5
\BOOKMARK [3][-]{subsubsection.2.1.2}{Niceties}{subsection.2.1}% 6
\BOOKMARK [3][-]{subsubsection.2.1.3}{Power\040Cables}{subsection.2.1}% 7
\BOOKMARK [3][-]{subsubsection.2.1.4}{Patch\040Cables}{subsection.2.1}% 8
\BOOKMARK [2][-]{subsection.2.2}{Bench\040and\040Workspace}{section.2}% 9
\BOOKMARK [2][-]{subsection.2.3}{Rack\040or\040Case}{section.2}% 10
\BOOKMARK [1][-]{section.3}{Assemble\040Your\040Own\040Modular\040Series}{}% 11
\BOOKMARK [2][-]{subsection.3.1}{Power\040Supply}{section.3}% 12
\BOOKMARK [2][-]{subsection.3.2}{VCO}{section.3}% 13
\BOOKMARK [2][-]{subsection.3.3}{VCA}{section.3}% 14
\BOOKMARK [2][-]{subsection.3.4}{EG\040\(Envelope\040Generator\)}{section.3}% 15
\BOOKMARK [2][-]{subsection.3.5}{LFO}{section.3}% 16
\BOOKMARK [2][-]{subsection.3.6}{VCF}{section.3}% 17
\BOOKMARK [2][-]{subsection.3.7}{Utilities\040Module}{section.3}% 18
\BOOKMARK [1][-]{section.4}{References}{}% 19
\BOOKMARK [2][-]{subsection.4.1}{Electronics}{section.4}% 20
\BOOKMARK [3][-]{subsubsection.4.1.1}{Retailers}{subsection.4.1}% 21
\BOOKMARK [3][-]{subsubsection.4.1.2}{Software}{subsection.4.1}% 22
\BOOKMARK [2][-]{subsection.4.2}{Software}{section.4}% 23
\BOOKMARK [2][-]{subsection.4.3}{Modular\040Things}{section.4}% 24
\BOOKMARK [3][-]{subsubsection.4.3.1}{Companies}{subsection.4.3}% 25
\BOOKMARK [3][-]{subsubsection.4.3.2}{DIY}{subsection.4.3}% 26
\BOOKMARK [3][-]{subsubsection.4.3.3}{Forums}{subsection.4.3}% 27
\BOOKMARK [3][-]{subsubsection.4.3.4}{Retailers}{subsection.4.3}% 28
\BOOKMARK [3][-]{subsubsection.4.3.5}{Publications}{subsection.4.3}% 29
\BOOKMARK [2][-]{subsection.4.4}{Books}{section.4}% 30
